This is pdfTeX, Version 3.141592653-2.6-1.40.25 (TeX Live 2023) (preloaded format=pdflatex 2023.7.7)  5 AUG 2023 17:31
entering extended mode
 restricted \write18 enabled.
 file:line:error style messages enabled.
 %&-line parsing enabled.
**d:/Users/28936/Desktop/TI_CUP/NUEDC2023/document_latex/ç©ºåœ°ååŒåªèƒ½æ¶ˆé˜²ç³»ç»Ÿ.tex
(d:/Users/28936/Desktop/TI_CUP/NUEDC2023/document_latex/ç©ºåœ°ååŒåªèƒ½æ¶ˆé˜²ç³»ç»Ÿ.tex
LaTeX2e <2022-11-01> patch level 1
L3 programming layer <2023-02-22> (d:/texlive/2023/texmf-dist/tex/latex/base/article.cls
Document Class: article 2022/07/02 v1.4n Standard LaTeX document class
(d:/texlive/2023/texmf-dist/tex/latex/base/size12.clo
File: size12.clo 2022/07/02 v1.4n Standard LaTeX file (size option)
)
\c@part=\count185
\c@section=\count186
\c@subsection=\count187
\c@subsubsection=\count188
\c@paragraph=\count189
\c@subparagraph=\count190
\c@figure=\count191
\c@table=\count192
\abovecaptionskip=\skip48
\belowcaptionskip=\skip49
\bibindent=\dimen140
) (d:/texlive/2023/texmf-dist/tex/latex/amsmath/amsmath.sty
Package: amsmath 2022/04/08 v2.17n AMS math features
\@mathmargin=\skip50

For additional information on amsmath, use the `?' option.
(d:/texlive/2023/texmf-dist/tex/latex/amsmath/amstext.sty
Package: amstext 2021/08/26 v2.01 AMS text
 (d:/texlive/2023/texmf-dist/tex/latex/amsmath/amsgen.sty
File: amsgen.sty 1999/11/30 v2.0 generic functions
\@emptytoks=\toks16
\ex@=\dimen141
)) (d:/texlive/2023/texmf-dist/tex/latex/amsmath/amsbsy.sty
Package: amsbsy 1999/11/29 v1.2d Bold Symbols
\pmbraise@=\dimen142
) (d:/texlive/2023/texmf-dist/tex/latex/amsmath/amsopn.sty
Package: amsopn 2022/04/08 v2.04 operator names
)
\inf@bad=\count193
LaTeX Info: Redefining \frac on input line 234.
\uproot@=\count194
\leftroot@=\count195
LaTeX Info: Redefining \overline on input line 399.
LaTeX Info: Redefining \colon on input line 410.
\classnum@=\count196
\DOTSCASE@=\count197
LaTeX Info: Redefining \ldots on input line 496.
LaTeX Info: Redefining \dots on input line 499.
LaTeX Info: Redefining \cdots on input line 620.
\Mathstrutbox@=\box51
\strutbox@=\box52
LaTeX Info: Redefining \big on input line 722.
LaTeX Info: Redefining \Big on input line 723.
LaTeX Info: Redefining \bigg on input line 724.
LaTeX Info: Redefining \Bigg on input line 725.
\big@size=\dimen143
LaTeX Font Info:    Redeclaring font encoding OML on input line 743.
LaTeX Font Info:    Redeclaring font encoding OMS on input line 744.
\macc@depth=\count198
LaTeX Info: Redefining \bmod on input line 905.
LaTeX Info: Redefining \pmod on input line 910.
LaTeX Info: Redefining \smash on input line 940.
LaTeX Info: Redefining \relbar on input line 970.
LaTeX Info: Redefining \Relbar on input line 971.
\c@MaxMatrixCols=\count199
\dotsspace@=\muskip16
\c@parentequation=\count266
\dspbrk@lvl=\count267
\tag@help=\toks17
\row@=\count268
\column@=\count269
\maxfields@=\count270
\andhelp@=\toks18
\eqnshift@=\dimen144
\alignsep@=\dimen145
\tagshift@=\dimen146
\tagwidth@=\dimen147
\totwidth@=\dimen148
\lineht@=\dimen149
\@envbody=\toks19
\multlinegap=\skip51
\multlinetaggap=\skip52
\mathdisplay@stack=\toks20
LaTeX Info: Redefining \[ on input line 2953.
LaTeX Info: Redefining \] on input line 2954.
) (d:/texlive/2023/texmf-dist/tex/latex/amscls/amsthm.sty
Package: amsthm 2020/05/29 v2.20.6
\thm@style=\toks21
\thm@bodyfont=\toks22
\thm@headfont=\toks23
\thm@notefont=\toks24
\thm@headpunct=\toks25
\thm@preskip=\skip53
\thm@postskip=\skip54
\thm@headsep=\skip55
\dth@everypar=\toks26
) (d:/texlive/2023/texmf-dist/tex/latex/amsfonts/amssymb.sty
Package: amssymb 2013/01/14 v3.01 AMS font symbols
 (d:/texlive/2023/texmf-dist/tex/latex/amsfonts/amsfonts.sty
Package: amsfonts 2013/01/14 v3.01 Basic AMSFonts support
\symAMSa=\mathgroup4
\symAMSb=\mathgroup5
LaTeX Font Info:    Redeclaring math symbol \hbar on input line 98.
LaTeX Font Info:    Overwriting math alphabet `\mathfrak' in version `bold'
(Font)                  U/euf/m/n --> U/euf/b/n on input line 106.
)) (d:/texlive/2023/texmf-dist/tex/latex/tools/bm.sty
Package: bm 2022/01/05 v1.2f Bold Symbol Support (DPC/FMi)
\symboldoperators=\mathgroup6
\symboldletters=\mathgroup7
\symboldsymbols=\mathgroup8
Package bm Info: No bold for \OMX/cmex/m/n, using \pmb.
Package bm Info: No bold for \U/msa/m/n, using \pmb.
Package bm Info: No bold for \U/msb/m/n, using \pmb.
LaTeX Font Info:    Redeclaring math alphabet \mathbf on input line 149.
) (d:/texlive/2023/texmf-dist/tex/latex/graphics/graphicx.sty
Package: graphicx 2021/09/16 v1.2d Enhanced LaTeX Graphics (DPC,SPQR)
 (d:/texlive/2023/texmf-dist/tex/latex/graphics/keyval.sty
Package: keyval 2022/05/29 v1.15 key=value parser (DPC)
\KV@toks@=\toks27
) (d:/texlive/2023/texmf-dist/tex/latex/graphics/graphics.sty
Package: graphics 2022/03/10 v1.4e Standard LaTeX Graphics (DPC,SPQR)
 (d:/texlive/2023/texmf-dist/tex/latex/graphics/trig.sty
Package: trig 2021/08/11 v1.11 sin cos tan (DPC)
) (d:/texlive/2023/texmf-dist/tex/latex/graphics-cfg/graphics.cfg
File: graphics.cfg 2016/06/04 v1.11 sample graphics configuration
)
Package graphics Info: Driver file: pdftex.def on input line 107.
 (d:/texlive/2023/texmf-dist/tex/latex/graphics-def/pdftex.def
File: pdftex.def 2022/09/22 v1.2b Graphics/color driver for pdftex
))
\Gin@req@height=\dimen150
\Gin@req@width=\dimen151
) (d:/texlive/2023/texmf-dist/tex/latex/hyperref/hyperref.sty
Package: hyperref 2023-02-07 v7.00v Hypertext links for LaTeX
 (d:/texlive/2023/texmf-dist/tex/generic/ltxcmds/ltxcmds.sty
Package: ltxcmds 2020-05-10 v1.25 LaTeX kernel commands for general use (HO)
) (d:/texlive/2023/texmf-dist/tex/generic/iftex/iftex.sty
Package: iftex 2022/02/03 v1.0f TeX engine tests
) (d:/texlive/2023/texmf-dist/tex/generic/pdftexcmds/pdftexcmds.sty
Package: pdftexcmds 2020-06-27 v0.33 Utility functions of pdfTeX for LuaTeX (HO)
 (d:/texlive/2023/texmf-dist/tex/generic/infwarerr/infwarerr.sty
Package: infwarerr 2019/12/03 v1.5 Providing info/warning/error messages (HO)
)
Package pdftexcmds Info: \pdf@primitive is available.
Package pdftexcmds Info: \pdf@ifprimitive is available.
Package pdftexcmds Info: \pdfdraftmode found.
) (d:/texlive/2023/texmf-dist/tex/latex/kvsetkeys/kvsetkeys.sty
Package: kvsetkeys 2022-10-05 v1.19 Key value parser (HO)
) (d:/texlive/2023/texmf-dist/tex/generic/kvdefinekeys/kvdefinekeys.sty
Package: kvdefinekeys 2019-12-19 v1.6 Define keys (HO)
) (d:/texlive/2023/texmf-dist/tex/generic/pdfescape/pdfescape.sty
Package: pdfescape 2019/12/09 v1.15 Implements pdfTeX's escape features (HO)
) (d:/texlive/2023/texmf-dist/tex/latex/hycolor/hycolor.sty
Package: hycolor 2020-01-27 v1.10 Color options for hyperref/bookmark (HO)
) (d:/texlive/2023/texmf-dist/tex/latex/letltxmacro/letltxmacro.sty
Package: letltxmacro 2019/12/03 v1.6 Let assignment for LaTeX macros (HO)
) (d:/texlive/2023/texmf-dist/tex/latex/auxhook/auxhook.sty
Package: auxhook 2019-12-17 v1.6 Hooks for auxiliary files (HO)
) (d:/texlive/2023/texmf-dist/tex/latex/hyperref/nameref.sty
Package: nameref 2022-05-17 v2.50 Cross-referencing by name of section
 (d:/texlive/2023/texmf-dist/tex/latex/refcount/refcount.sty
Package: refcount 2019/12/15 v3.6 Data extraction from label references (HO)
) (d:/texlive/2023/texmf-dist/tex/generic/gettitlestring/gettitlestring.sty
Package: gettitlestring 2019/12/15 v1.6 Cleanup title references (HO)
 (d:/texlive/2023/texmf-dist/tex/latex/kvoptions/kvoptions.sty
Package: kvoptions 2022-06-15 v3.15 Key value format for package options (HO)
))
\c@section@level=\count271
)
\@linkdim=\dimen152
\Hy@linkcounter=\count272
\Hy@pagecounter=\count273
 (d:/texlive/2023/texmf-dist/tex/latex/hyperref/pd1enc.def
File: pd1enc.def 2023-02-07 v7.00v Hyperref: PDFDocEncoding definition (HO)
Now handling font encoding PD1 ...
... no UTF-8 mapping file for font encoding PD1
) (d:/texlive/2023/texmf-dist/tex/generic/intcalc/intcalc.sty
Package: intcalc 2019/12/15 v1.3 Expandable calculations with integers (HO)
) (d:/texlive/2023/texmf-dist/tex/generic/etexcmds/etexcmds.sty
Package: etexcmds 2019/12/15 v1.7 Avoid name clashes with e-TeX commands (HO)
)
\Hy@SavedSpaceFactor=\count274
 (d:/texlive/2023/texmf-dist/tex/latex/hyperref/puenc.def
File: puenc.def 2023-02-07 v7.00v Hyperref: PDF Unicode definition (HO)
Now handling font encoding PU ...
... no UTF-8 mapping file for font encoding PU
)
Package hyperref Info: Hyper figures OFF on input line 4177.
Package hyperref Info: Link nesting OFF on input line 4182.
Package hyperref Info: Hyper index ON on input line 4185.
Package hyperref Info: Plain pages OFF on input line 4192.
Package hyperref Info: Backreferencing OFF on input line 4197.
Package hyperref Info: Implicit mode ON; LaTeX internals redefined.
Package hyperref Info: Bookmarks ON on input line 4425.
\c@Hy@tempcnt=\count275
 (d:/texlive/2023/texmf-dist/tex/latex/url/url.sty
\Urlmuskip=\muskip17
Package: url 2013/09/16  ver 3.4  Verb mode for urls, etc.
)
LaTeX Info: Redefining \url on input line 4763.
\XeTeXLinkMargin=\dimen153
 (d:/texlive/2023/texmf-dist/tex/generic/bitset/bitset.sty
Package: bitset 2019/12/09 v1.3 Handle bit-vector datatype (HO)
 (d:/texlive/2023/texmf-dist/tex/generic/bigintcalc/bigintcalc.sty
Package: bigintcalc 2019/12/15 v1.5 Expandable calculations on big integers (HO)
))
\Fld@menulength=\count276
\Field@Width=\dimen154
\Fld@charsize=\dimen155
Package hyperref Info: Hyper figures OFF on input line 6042.
Package hyperref Info: Link nesting OFF on input line 6047.
Package hyperref Info: Hyper index ON on input line 6050.
Package hyperref Info: backreferencing OFF on input line 6057.
Package hyperref Info: Link coloring OFF on input line 6062.
Package hyperref Info: Link coloring with OCG OFF on input line 6067.
Package hyperref Info: PDF/A mode OFF on input line 6072.
 (d:/texlive/2023/texmf-dist/tex/latex/base/atbegshi-ltx.sty
Package: atbegshi-ltx 2021/01/10 v1.0c Emulation of the original atbegshi
package with kernel methods
)
\Hy@abspage=\count277
\c@Item=\count278
\c@Hfootnote=\count279
)
Package hyperref Info: Driver (autodetected): hpdftex.
 (d:/texlive/2023/texmf-dist/tex/latex/hyperref/hpdftex.def
File: hpdftex.def 2023-02-07 v7.00v Hyperref driver for pdfTeX
 (d:/texlive/2023/texmf-dist/tex/latex/base/atveryend-ltx.sty
Package: atveryend-ltx 2020/08/19 v1.0a Emulation of the original atveryend package
with kernel methods
)
\Fld@listcount=\count280
\c@bookmark@seq@number=\count281
 (d:/texlive/2023/texmf-dist/tex/latex/rerunfilecheck/rerunfilecheck.sty
Package: rerunfilecheck 2022-07-10 v1.10 Rerun checks for auxiliary files (HO)
 (d:/texlive/2023/texmf-dist/tex/generic/uniquecounter/uniquecounter.sty
Package: uniquecounter 2019/12/15 v1.4 Provide unlimited unique counter (HO)
)
Package uniquecounter Info: New unique counter `rerunfilecheck' on input line 285.
)
\Hy@SectionHShift=\skip56
) (d:/texlive/2023/texmf-dist/tex/latex/jknapltx/mathrsfs.sty
Package: mathrsfs 1996/01/01 Math RSFS package v1.0 (jk)
\symrsfs=\mathgroup9
) (d:/texlive/2023/texmf-dist/tex/latex/graphics/color.sty
Package: color 2022/01/06 v1.3d Standard LaTeX Color (DPC)
 (d:/texlive/2023/texmf-dist/tex/latex/graphics-cfg/color.cfg
File: color.cfg 2016/01/02 v1.6 sample color configuration
)
Package color Info: Driver file: pdftex.def on input line 149.
 (d:/texlive/2023/texmf-dist/tex/latex/graphics/mathcolor.ltx)) (d:/texlive/2023/texmf-dist/tex/latex/listings/listings.sty
\lst@mode=\count282
\lst@gtempboxa=\box53
\lst@token=\toks28
\lst@length=\count283
\lst@currlwidth=\dimen156
\lst@column=\count284
\lst@pos=\count285
\lst@lostspace=\dimen157
\lst@width=\dimen158
\lst@newlines=\count286
\lst@lineno=\count287
\lst@maxwidth=\dimen159
 (d:/texlive/2023/texmf-dist/tex/latex/listings/lstmisc.sty
File: lstmisc.sty 2023/02/27 1.9 (Carsten Heinz)
\c@lstnumber=\count288
\lst@skipnumbers=\count289
\lst@framebox=\box54
) (d:/texlive/2023/texmf-dist/tex/latex/listings/listings.cfg
File: listings.cfg 2023/02/27 1.9 listings configuration
))
Package: listings 2023/02/27 1.9 (Carsten Heinz)
 (d:/texlive/2023/texmf-dist/tex/latex/xcolor/xcolor.sty
Package: xcolor 2022/06/12 v2.14 LaTeX color extensions (UK)
 (d:/texlive/2023/texmf-dist/tex/latex/graphics-cfg/color.cfg
File: color.cfg 2016/01/02 v1.6 sample color configuration
)
Package xcolor Info: Driver file: pdftex.def on input line 227.
LaTeX Info: Redefining \color on input line 711.
 (d:/texlive/2023/texmf-dist/tex/latex/graphics/mathcolor.ltx)
Package xcolor Info: Model `cmy' substituted by `cmy0' on input line 1353.
Package xcolor Info: Model `hsb' substituted by `rgb' on input line 1357.
Package xcolor Info: Model `RGB' extended on input line 1369.
Package xcolor Info: Model `HTML' substituted by `rgb' on input line 1371.
Package xcolor Info: Model `Hsb' substituted by `hsb' on input line 1372.
Package xcolor Info: Model `tHsb' substituted by `hsb' on input line 1373.
Package xcolor Info: Model `HSB' substituted by `hsb' on input line 1374.
Package xcolor Info: Model `Gray' substituted by `gray' on input line 1375.
Package xcolor Info: Model `wave' substituted by `hsb' on input line 1376.
) (d:/texlive/2023/texmf-dist/tex/latex/float/float.sty
Package: float 2001/11/08 v1.3d Float enhancements (AL)
\c@float@type=\count290
\float@exts=\toks29
\float@box=\box55
\@float@everytoks=\toks30
\@floatcapt=\box56
) (d:/texlive/2023/texmf-dist/tex/latex/subfigure/subfigure.sty
Package: subfigure 2002/03/15 v2.1.5 subfigure package
\subfigtopskip=\skip57
\subfigcapskip=\skip58
\subfigcaptopadj=\dimen160
\subfigbottomskip=\skip59
\subfigcapmargin=\dimen161
\subfiglabelskip=\skip60
\c@subfigure=\count291
\c@lofdepth=\count292
\c@subtable=\count293
\c@lotdepth=\count294

****************************************
* Local config file subfigure.cfg used *
****************************************
(d:/texlive/2023/texmf-dist/tex/latex/subfigure/subfigure.cfg)
\subfig@top=\skip61
\subfig@bottom=\skip62
) (d:/texlive/2023/texmf-dist/tex/latex/caption/subcaption.sty
Package: subcaption 2023/02/19 v1.6 Sub-captions (AR)
 (d:/texlive/2023/texmf-dist/tex/latex/caption/caption.sty
Package: caption 2023/03/12 v3.6j Customizing captions (AR)
 (d:/texlive/2023/texmf-dist/tex/latex/caption/caption3.sty
Package: caption3 2023/03/12 v2.4 caption3 kernel (AR)
\caption@tempdima=\dimen162
\captionmargin=\dimen163
\caption@leftmargin=\dimen164
\caption@rightmargin=\dimen165
\caption@width=\dimen166
\caption@indent=\dimen167
\caption@parindent=\dimen168
\caption@hangindent=\dimen169
Package caption Info: Standard document class detected.
)
\c@caption@flags=\count295
\c@continuedfloat=\count296
Package caption Info: float package is loaded.
Package caption Info: hyperref package is loaded.
Package caption Info: listings package is loaded.
Package caption Info: subfigure package is loaded.
)
LaTeX Info: Redefining \subref on input line 191.
Package subcaption Info: The counter `subfigure' was already defined by
(subcaption)             an unknown document class or package on input line 239.
Package subcaption Info: The counter `subtable' was already defined by
(subcaption)             an unknown document class or package on input line 239.
) (d:/texlive/2023/texmf-dist/tex/latex/ctex/ctex.sty (d:/texlive/2023/texmf-dist/tex/latex/l3kernel/expl3.sty
Package: expl3 2023-02-22 L3 programming layer (loader) 
 (d:/texlive/2023/texmf-dist/tex/latex/l3backend/l3backend-pdftex.def
File: l3backend-pdftex.def 2023-01-16 L3 backend support: PDF output (pdfTeX)
\l__color_backend_stack_int=\count297
\l__pdf_internal_box=\box57
))
Package: ctex 2022/07/14 v2.5.10 Chinese adapter in LaTeX (CTEX)
 (d:/texlive/2023/texmf-dist/tex/latex/ctex/ctexhook.sty
Package: ctexhook 2022/07/14 v2.5.10 Document and package hooks (CTEX)
) (d:/texlive/2023/texmf-dist/tex/latex/ctex/ctexpatch.sty
Package: ctexpatch 2022/07/14 v2.5.10 Patching commands (CTEX)
) (d:/texlive/2023/texmf-dist/tex/latex/base/fix-cm.sty
Package: fix-cm 2020/11/24 v1.1t fixes to LaTeX
 (d:/texlive/2023/texmf-dist/tex/latex/base/ts1enc.def
File: ts1enc.def 2001/06/05 v3.0e (jk/car/fm) Standard LaTeX file
LaTeX Font Info:    Redeclaring font encoding TS1 on input line 47.
))
\l__ctex_tmp_int=\count298
\l__ctex_tmp_box=\box58
\l__ctex_tmp_dim=\dimen170
\g__ctex_section_depth_int=\count299
\g__ctex_font_size_int=\count300
 (d:/texlive/2023/texmf-dist/tex/latex/ctex/config/ctexopts.cfg
File: ctexopts.cfg 2022/07/14 v2.5.10 Option configuration file (CTEX)
)

Package ctex Warning: UTF8 will be used as the default encoding.

(d:/texlive/2023/texmf-dist/tex/latex/ctex/engine/ctex-engine-pdftex.def
File: ctex-engine-pdftex.def 2022/07/14 v2.5.10 (pdf)LaTeX adapter (CTEX)
 (d:/texlive/2023/texmf-dist/tex/latex/cjk/texinput/CJKutf8.sty
Package: CJKutf8 2021/10/16 4.8.5
 (d:/texlive/2023/texmf-dist/tex/generic/iftex/ifpdf.sty
Package: ifpdf 2019/10/25 v3.4 ifpdf legacy package. Use iftex instead.
) (d:/texlive/2023/texmf-dist/tex/latex/base/inputenc.sty
Package: inputenc 2021/02/14 v1.3d Input encoding file
\inpenc@prehook=\toks31
\inpenc@posthook=\toks32
) (d:/texlive/2023/texmf-dist/tex/latex/cjk/texinput/CJK.sty
Package: CJK 2021/10/16 4.8.5
 (d:/texlive/2023/texmf-dist/tex/latex/cjk/texinput/mule/MULEenc.sty
Package: MULEenc 2021/10/16 4.8.5
) (d:/texlive/2023/texmf-dist/tex/latex/cjk/texinput/CJK.enc
File: CJK.enc 2021/10/16 4.8.5
Now handling font encoding C00 ...
... no UTF-8 mapping file for font encoding C00
Now handling font encoding C05 ...
... no UTF-8 mapping file for font encoding C05
Now handling font encoding C09 ...
... no UTF-8 mapping file for font encoding C09
Now handling font encoding C10 ...
... no UTF-8 mapping file for font encoding C10
Now handling font encoding C20 ...
... no UTF-8 mapping file for font encoding C20
Now handling font encoding C19 ...
... no UTF-8 mapping file for font encoding C19
Now handling font encoding C40 ...
... no UTF-8 mapping file for font encoding C40
Now handling font encoding C42 ...
... no UTF-8 mapping file for font encoding C42
Now handling font encoding C43 ...
... no UTF-8 mapping file for font encoding C43
Now handling font encoding C50 ...
... no UTF-8 mapping file for font encoding C50
Now handling font encoding C52 ...
... no UTF-8 mapping file for font encoding C52
Now handling font encoding C49 ...
... no UTF-8 mapping file for font encoding C49
Now handling font encoding C60 ...
... no UTF-8 mapping file for font encoding C60
Now handling font encoding C61 ...
... no UTF-8 mapping file for font encoding C61
Now handling font encoding C63 ...
... no UTF-8 mapping file for font encoding C63
Now handling font encoding C64 ...
... no UTF-8 mapping file for font encoding C64
Now handling font encoding C65 ...
... no UTF-8 mapping file for font encoding C65
Now handling font encoding C70 ...
... no UTF-8 mapping file for font encoding C70
Now handling font encoding C31 ...
... no UTF-8 mapping file for font encoding C31
Now handling font encoding C32 ...
... no UTF-8 mapping file for font encoding C32
Now handling font encoding C33 ...
... no UTF-8 mapping file for font encoding C33
Now handling font encoding C34 ...
... no UTF-8 mapping file for font encoding C34
Now handling font encoding C35 ...
... no UTF-8 mapping file for font encoding C35
Now handling font encoding C36 ...
... no UTF-8 mapping file for font encoding C36
Now handling font encoding C37 ...
... no UTF-8 mapping file for font encoding C37
Now handling font encoding C80 ...
... no UTF-8 mapping file for font encoding C80
Now handling font encoding C81 ...
... no UTF-8 mapping file for font encoding C81
Now handling font encoding C01 ...
... no UTF-8 mapping file for font encoding C01
Now handling font encoding C11 ...
... no UTF-8 mapping file for font encoding C11
Now handling font encoding C21 ...
... no UTF-8 mapping file for font encoding C21
Now handling font encoding C41 ...
... no UTF-8 mapping file for font encoding C41
Now handling font encoding C62 ...
... no UTF-8 mapping file for font encoding C62
)
\CJK@indent=\box59
) (d:/texlive/2023/texmf-dist/tex/latex/base/fontenc.sty
Package: fontenc 2021/04/29 v2.0v Standard LaTeX package
)) (d:/texlive/2023/texmf-dist/tex/latex/cjkpunct/CJKpunct.sty
Package: CJKpunct 2016/05/14 4.8.4
\CJKpunct@cnta=\count301
\CJKpunct@cntb=\count302
\CJKpunct@cntc=\count303
\CJKpunct@cntd=\count304
\CJKpunct@cnte=\count305
   defining Unicode char U+2018 (decimal 8216)
   defining Unicode char U+2019 (decimal 8217)
   defining Unicode char U+201C (decimal 8220)
   defining Unicode char U+201D (decimal 8221)
   defining Unicode char U+2014 (decimal 8212)
   defining Unicode char U+2026 (decimal 8230)
 (d:/texlive/2023/texmf-dist/tex/latex/cjkpunct/CJKpunct.spa)) (d:/texlive/2023/texmf-dist/tex/latex/cjk/texinput/CJKspace.sty
Package: CJKspace 2021/10/16 3.8.0
) (d:/texlive/2023/texmf-dist/tex/latex/cjk/texinput/UTF8/UTF8.bdg
File: UTF8.bdg 2021/10/16 4.8.5
) (d:/texlive/2023/texmf-dist/tex/latex/ctex/ctexspa.def
File: ctexspa.def 2022/07/14 v2.5.10 Space info for CJKpunct (CTEX)
)

Package hyperref Warning: Option `driverfallback' has already been used,
(hyperref)                setting the option has no effect on input line 493.

Package hyperref Info: Option `unicode' set `true' on input line 512.
\ccwd=\dimen171
\l__ctex_ccglue_skip=\skip63
)
\l__ctex_ziju_dim=\dimen172
 (d:/texlive/2023/texmf-dist/tex/latex/zhnumber/zhnumber.sty
Package: zhnumber 2022/07/14 v3.0 Typesetting numbers with Chinese glyphs
\l__zhnum_scale_int=\count306
\l__zhnum_tmp_int=\count307
 (d:/texlive/2023/texmf-dist/tex/latex/zhnumber/zhnumber-utf8.cfg
File: zhnumber-utf8.cfg 2022/07/14 v3.0 Chinese numerals with UTF8 encoding
)) (d:/texlive/2023/texmf-dist/tex/latex/ctex/scheme/ctex-scheme-chinese.def
File: ctex-scheme-chinese.def 2022/07/14 v2.5.10 Chinese scheme for generic (CTEX)
 (d:/texlive/2023/texmf-dist/tex/latex/ctex/config/ctex-name-utf8.cfg
File: ctex-name-utf8.cfg 2022/07/14 v2.5.10 Caption with encoding UTF-8 (CTEX)
)) (d:/texlive/2023/texmf-dist/tex/latex/tools/indentfirst.sty
Package: indentfirst 1995/11/23 v1.03 Indent first paragraph (DPC)
) (d:/texlive/2023/texmf-dist/tex/latex/ctex/fontset/ctex-fontset-windows.def
File: ctex-fontset-windows.def 2022/07/14 v2.5.10 Windows fonts definition (CTEX)
)) (d:/texlive/2023/texmf-dist/tex/latex/ctex/config/ctex.cfg
File: ctex.cfg 2022/07/14 v2.5.10 Configuration file (CTEX)
)
Package hyperref Info: Option `colorlinks' set `true' on input line 14.
 (d:/texlive/2023/texmf-dist/tex/latex/cjk/texinput/UTF8/UTF8.enc
File: UTF8.enc 2021/10/16 4.8.5
) (d:/texlive/2023/texmf-dist/tex/latex/cjk/texinput/UTF8/UTF8.chr
File: UTF8.chr 2021/10/16 4.8.5
) (./ç©ºåœ°ååŒåªèƒ½æ¶ˆé˜²ç³»ç»Ÿ.aux
./ç©ºåœ°ååŒåªèƒ½æ¶ˆé˜²ç³»ç»Ÿ.aux:24: Missing \endcsname inserted.
<to be read again> 
                   \tex_indent:D 
l.24 ...çº¿ç¤ºæ„å›¾.\relax }{figure.caption.2}{}}
                                                  
The control sequence marked <to be read again> should
not appear between \csname and \endcsname.

./ç©ºåœ°ååŒåªèƒ½æ¶ˆé˜²ç³»ç»Ÿ.aux:24: Missing \endcsname inserted.
<to be read again> 
                   \tex_indent:D 
l.24 ...çº¿ç¤ºæ„å›¾.\relax }{figure.caption.2}{}}
                                                  
The control sequence marked <to be read again> should
not appear between \csname and \endcsname.


./ç©ºåœ°ååŒåªèƒ½æ¶ˆé˜²ç³»ç»Ÿ.aux:24: LaTeX Error: Missing \begin{document}.

See the LaTeX manual or LaTeX Companion for explanation.
Type  H <return>  for immediate help.
 ...                                              
                                                  
l.24 ...çº¿ç¤ºæ„å›¾.\relax }{figure.caption.2}{}}
                                                  
You're in trouble here.  Try typing  <return>  to proceed.
If that doesn't work, type  X <return>  to quit.

LaTeX Font Info:    Trying to load font information for C70+rm on input line 24.
(d:/texlive/2023/texmf-dist/tex/latex/ctex/fd/c70rm.fd
File: c70rm.fd 2022/07/14 v2.5.10 Chinese font definition (CTEX)
)
./ç©ºåœ°ååŒåªèƒ½æ¶ˆé˜²ç³»ç»Ÿ.aux:24: Extra \endcsname.
<recently read> \endcsname 
                           
l.24 ...çº¿ç¤ºæ„å›¾.\relax }{figure.caption.2}{}}
                                                  
I'm ignoring this, since I wasn't doing a \csname.

./ç©ºåœ°ååŒåªèƒ½æ¶ˆé˜²ç³»ç»Ÿ.aux:27: Missing \endcsname inserted.
<to be read again> 
                   \global 
l.27 ...èˆªç¤ºæ„å›¾.\relax }{figure.caption.3}{}}
                                                  
The control sequence marked <to be read again> should
not appear between \csname and \endcsname.

./ç©ºåœ°ååŒåªèƒ½æ¶ˆé˜²ç³»ç»Ÿ.aux:27: Missing \endcsname inserted.
<to be read again> 
                   \global 
l.27 ...èˆªç¤ºæ„å›¾.\relax }{figure.caption.3}{}}
                                                  
The control sequence marked <to be read again> should
not appear between \csname and \endcsname.

./ç©ºåœ°ååŒåªèƒ½æ¶ˆé˜²ç³»ç»Ÿ.aux:27: Missing number, treated as zero.
<to be read again> 
                   }
l.27 ...èˆªç¤ºæ„å›¾.\relax }{figure.caption.3}{}}
                                                  
A number should have been here; I inserted `0'.
(If you can't figure out why I needed to see a number,
look up `weird error' in the index to The TeXbook.)

./ç©ºåœ°ååŒåªèƒ½æ¶ˆé˜²ç³»ç»Ÿ.aux:27: Bad character code (-44882).
<argument> \@tempcnta 
                      
l.27 ...èˆªç¤ºæ„å›¾.\relax }{figure.caption.3}{}}
                                                  
A character number must be between 0 and 255.
I changed this one to zero.

./ç©ºåœ°ååŒåªèƒ½æ¶ˆé˜²ç³»ç»Ÿ.aux:27: Extra \endcsname.
<recently read> \endcsname 
                           
l.27 ...èˆªç¤ºæ„å›¾.\relax }{figure.caption.3}{}}
                                                  
I'm ignoring this, since I wasn't doing a \csname.

./ç©ºåœ°ååŒåªèƒ½æ¶ˆé˜²ç³»ç»Ÿ.aux:27: Extra }, or forgotten \endgroup.
\@newl@bel ...ined}}\global \@namedef {#1@#2}{#3}}
                                                  
l.27 ...èˆªç¤ºæ„å›¾.\relax }{figure.caption.3}{}}
                                                  
I've deleted a group-closing symbol because it seems to be
spurious, as in `$x}$'. But perhaps the } is legitimate and
you forgot something else, as in `\hbox{$x}'. In such cases
the way to recover is to insert both the forgotten and the
deleted material, e.g., by typing `I$}'.

./ç©ºåœ°ååŒåªèƒ½æ¶ˆé˜²ç³»ç»Ÿ.aux:33: Missing \endcsname inserted.
<to be read again> 
                   \global 
l.33 ...è§†åŒ–æ¨¡å‹.\relax }{figure.caption.5}{}}
                                                  
The control sequence marked <to be read again> should
not appear between \csname and \endcsname.

./ç©ºåœ°ååŒåªèƒ½æ¶ˆé˜²ç³»ç»Ÿ.aux:33: Extra \endcsname.
<recently read> \endcsname 
                           
l.33 ...è§†åŒ–æ¨¡å‹.\relax }{figure.caption.5}{}}
                                                  
I'm ignoring this, since I wasn't doing a \csname.

./ç©ºåœ°ååŒåªèƒ½æ¶ˆé˜²ç³»ç»Ÿ.aux:33: Missing \endcsname inserted.
<to be read again> 
                   \global 
l.33 ...è§†åŒ–æ¨¡å‹.\relax }{figure.caption.5}{}}
                                                  
The control sequence marked <to be read again> should
not appear between \csname and \endcsname.

./ç©ºåœ°ååŒåªèƒ½æ¶ˆé˜²ç³»ç»Ÿ.aux:33: Extra }, or forgotten \endgroup.
<recently read> }
                 
l.33 ...è§†åŒ–æ¨¡å‹.\relax }{figure.caption.5}{}}
                                                  
I've deleted a group-closing symbol because it seems to be
spurious, as in `$x}$'. But perhaps the } is legitimate and
you forgot something else, as in `\hbox{$x}'. In such cases
the way to recover is to insert both the forgotten and the
deleted material, e.g., by typing `I$}'.

./ç©ºåœ°ååŒåªèƒ½æ¶ˆé˜²ç³»ç»Ÿ.aux:33: Extra \endcsname.
<recently read> \endcsname 
                           
l.33 ...è§†åŒ–æ¨¡å‹.\relax }{figure.caption.5}{}}
                                                  
I'm ignoring this, since I wasn't doing a \csname.

./ç©ºåœ°ååŒåªèƒ½æ¶ˆé˜²ç³»ç»Ÿ.aux:33: Missing \endcsname inserted.
<to be read again> 
                   \global 
l.33 ...è§†åŒ–æ¨¡å‹.\relax }{figure.caption.5}{}}
                                                  
The control sequence marked <to be read again> should
not appear between \csname and \endcsname.

./ç©ºåœ°ååŒåªèƒ½æ¶ˆé˜²ç³»ç»Ÿ.aux:33: Missing number, treated as zero.
<to be read again> 
                   }
l.33 ...è§†åŒ–æ¨¡å‹.\relax }{figure.caption.5}{}}
                                                  
A number should have been here; I inserted `0'.
(If you can't figure out why I needed to see a number,
look up `weird error' in the index to The TeXbook.)

./ç©ºåœ°ååŒåªèƒ½æ¶ˆé˜²ç³»ç»Ÿ.aux:33: Bad character code (52574).
<argument> \@tempcnta 
                      
l.33 ...è§†åŒ–æ¨¡å‹.\relax }{figure.caption.5}{}}
                                                  
A character number must be between 0 and 255.
I changed this one to zero.

./ç©ºåœ°ååŒåªèƒ½æ¶ˆé˜²ç³»ç»Ÿ.aux:33: Extra }, or forgotten \endgroup.
<recently read> }
                 
l.33 ...è§†åŒ–æ¨¡å‹.\relax }{figure.caption.5}{}}
                                                  
I've deleted a group-closing symbol because it seems to be
spurious, as in `$x}$'. But perhaps the } is legitimate and
you forgot something else, as in `\hbox{$x}'. In such cases
the way to recover is to insert both the forgotten and the
deleted material, e.g., by typing `I$}'.

./ç©ºåœ°ååŒåªèƒ½æ¶ˆé˜²ç³»ç»Ÿ.aux:33: Extra \endcsname.
<recently read> \endcsname 
                           
l.33 ...è§†åŒ–æ¨¡å‹.\relax }{figure.caption.5}{}}
                                                  
I'm ignoring this, since I wasn't doing a \csname.

./ç©ºåœ°ååŒåªèƒ½æ¶ˆé˜²ç³»ç»Ÿ.aux:33: Extra }, or forgotten \endgroup.
\@newl@bel ...ined}}\global \@namedef {#1@#2}{#3}}
                                                  
l.33 ...è§†åŒ–æ¨¡å‹.\relax }{figure.caption.5}{}}
                                                  
I've deleted a group-closing symbol because it seems to be
spurious, as in `$x}$'. But perhaps the } is legitimate and
you forgot something else, as in `\hbox{$x}'. In such cases
the way to recover is to insert both the forgotten and the
deleted material, e.g., by typing `I$}'.

./ç©ºåœ°ååŒåªèƒ½æ¶ˆé˜²ç³»ç»Ÿ.aux:48: Missing \endcsname inserted.
<to be read again> 
                   \global 
l.48 ...ä¿¡æ¦‚å¿µå›¾.\relax }{figure.caption.8}{}}
                                                  
The control sequence marked <to be read again> should
not appear between \csname and \endcsname.

./ç©ºåœ°ååŒåªèƒ½æ¶ˆé˜²ç³»ç»Ÿ.aux:48: Extra \endcsname.
<recently read> \endcsname 
                           
l.48 ...ä¿¡æ¦‚å¿µå›¾.\relax }{figure.caption.8}{}}
                                                  
I'm ignoring this, since I wasn't doing a \csname.

./ç©ºåœ°ååŒåªèƒ½æ¶ˆé˜²ç³»ç»Ÿ.aux:48: Missing \endcsname inserted.
<to be read again> 
                   \global 
l.48 ...ä¿¡æ¦‚å¿µå›¾.\relax }{figure.caption.8}{}}
                                                  
The control sequence marked <to be read again> should
not appear between \csname and \endcsname.

./ç©ºåœ°ååŒåªèƒ½æ¶ˆé˜²ç³»ç»Ÿ.aux:48: Extra }, or forgotten \endgroup.
<recently read> }
                 
l.48 ...ä¿¡æ¦‚å¿µå›¾.\relax }{figure.caption.8}{}}
                                                  
I've deleted a group-closing symbol because it seems to be
spurious, as in `$x}$'. But perhaps the } is legitimate and
you forgot something else, as in `\hbox{$x}'. In such cases
the way to recover is to insert both the forgotten and the
deleted material, e.g., by typing `I$}'.

./ç©ºåœ°ååŒåªèƒ½æ¶ˆé˜²ç³»ç»Ÿ.aux:48: Extra \endcsname.
<recently read> \endcsname 
                           
l.48 ...ä¿¡æ¦‚å¿µå›¾.\relax }{figure.caption.8}{}}
                                                  
I'm ignoring this, since I wasn't doing a \csname.

./ç©ºåœ°ååŒåªèƒ½æ¶ˆé˜²ç³»ç»Ÿ.aux:48: Missing \endcsname inserted.
<to be read again> 
                   \global 
l.48 ...ä¿¡æ¦‚å¿µå›¾.\relax }{figure.caption.8}{}}
                                                  
The control sequence marked <to be read again> should
not appear between \csname and \endcsname.

./ç©ºåœ°ååŒåªèƒ½æ¶ˆé˜²ç³»ç»Ÿ.aux:48: Missing number, treated as zero.
<to be read again> 
                   }
l.48 ...ä¿¡æ¦‚å¿µå›¾.\relax }{figure.caption.8}{}}
                                                  
A number should have been here; I inserted `0'.
(If you can't figure out why I needed to see a number,
look up `weird error' in the index to The TeXbook.)

./ç©ºåœ°ååŒåªèƒ½æ¶ˆé˜²ç³»ç»Ÿ.aux:48: Bad character code (43526).
<argument> \@tempcnta 
                      
l.48 ...ä¿¡æ¦‚å¿µå›¾.\relax }{figure.caption.8}{}}
                                                  
A character number must be between 0 and 255.
I changed this one to zero.

./ç©ºåœ°ååŒåªèƒ½æ¶ˆé˜²ç³»ç»Ÿ.aux:48: Extra }, or forgotten \endgroup.
<recently read> }
                 
l.48 ...ä¿¡æ¦‚å¿µå›¾.\relax }{figure.caption.8}{}}
                                                  
I've deleted a group-closing symbol because it seems to be
spurious, as in `$x}$'. But perhaps the } is legitimate and
you forgot something else, as in `\hbox{$x}'. In such cases
the way to recover is to insert both the forgotten and the
deleted material, e.g., by typing `I$}'.

./ç©ºåœ°ååŒåªèƒ½æ¶ˆé˜²ç³»ç»Ÿ.aux:48: Extra \endcsname.
<recently read> \endcsname 
                           
l.48 ...ä¿¡æ¦‚å¿µå›¾.\relax }{figure.caption.8}{}}
                                                  
I'm ignoring this, since I wasn't doing a \csname.

./ç©ºåœ°ååŒåªèƒ½æ¶ˆé˜²ç³»ç»Ÿ.aux:48: Extra }, or forgotten \endgroup.
\@newl@bel ...ined}}\global \@namedef {#1@#2}{#3}}
                                                  
l.48 ...ä¿¡æ¦‚å¿µå›¾.\relax }{figure.caption.8}{}}
                                                  
I've deleted a group-closing symbol because it seems to be
spurious, as in `$x}$'. But perhaps the } is legitimate and
you forgot something else, as in `\hbox{$x}'. In such cases
the way to recover is to insert both the forgotten and the
deleted material, e.g., by typing `I$}'.

./ç©ºåœ°ååŒåªèƒ½æ¶ˆé˜²ç³»ç»Ÿ.aux:51: Missing \endcsname inserted.
<to be read again> 
                   \global 
l.51 ...ä¿¡æ¦‚å¿µå›¾.\relax }{figure.caption.9}{}}
                                                  
The control sequence marked <to be read again> should
not appear between \csname and \endcsname.

./ç©ºåœ°ååŒåªèƒ½æ¶ˆé˜²ç³»ç»Ÿ.aux:51: Extra \endcsname.
<recently read> \endcsname 
                           
l.51 ...ä¿¡æ¦‚å¿µå›¾.\relax }{figure.caption.9}{}}
                                                  
I'm ignoring this, since I wasn't doing a \csname.

./ç©ºåœ°ååŒåªèƒ½æ¶ˆé˜²ç³»ç»Ÿ.aux:51: Missing \endcsname inserted.
<to be read again> 
                   \global 
l.51 ...ä¿¡æ¦‚å¿µå›¾.\relax }{figure.caption.9}{}}
                                                  
The control sequence marked <to be read again> should
not appear between \csname and \endcsname.

./ç©ºåœ°ååŒåªèƒ½æ¶ˆé˜²ç³»ç»Ÿ.aux:51: Extra }, or forgotten \endgroup.
<recently read> }
                 
l.51 ...ä¿¡æ¦‚å¿µå›¾.\relax }{figure.caption.9}{}}
                                                  
I've deleted a group-closing symbol because it seems to be
spurious, as in `$x}$'. But perhaps the } is legitimate and
you forgot something else, as in `\hbox{$x}'. In such cases
the way to recover is to insert both the forgotten and the
deleted material, e.g., by typing `I$}'.

./ç©ºåœ°ååŒåªèƒ½æ¶ˆé˜²ç³»ç»Ÿ.aux:51: Extra \endcsname.
<recently read> \endcsname 
                           
l.51 ...ä¿¡æ¦‚å¿µå›¾.\relax }{figure.caption.9}{}}
                                                  
I'm ignoring this, since I wasn't doing a \csname.

./ç©ºåœ°ååŒåªèƒ½æ¶ˆé˜²ç³»ç»Ÿ.aux:51: Missing \endcsname inserted.
<to be read again> 
                   \global 
l.51 ...ä¿¡æ¦‚å¿µå›¾.\relax }{figure.caption.9}{}}
                                                  
The control sequence marked <to be read again> should
not appear between \csname and \endcsname.

./ç©ºåœ°ååŒåªèƒ½æ¶ˆé˜²ç³»ç»Ÿ.aux:51: Missing number, treated as zero.
<to be read again> 
                   }
l.51 ...ä¿¡æ¦‚å¿µå›¾.\relax }{figure.caption.9}{}}
                                                  
A number should have been here; I inserted `0'.
(If you can't figure out why I needed to see a number,
look up `weird error' in the index to The TeXbook.)

./ç©ºåœ°ååŒåªèƒ½æ¶ˆé˜²ç³»ç»Ÿ.aux:51: Bad character code (48838).
<argument> \@tempcnta 
                      
l.51 ...ä¿¡æ¦‚å¿µå›¾.\relax }{figure.caption.9}{}}
                                                  
A character number must be between 0 and 255.
I changed this one to zero.

./ç©ºåœ°ååŒåªèƒ½æ¶ˆé˜²ç³»ç»Ÿ.aux:51: Extra }, or forgotten \endgroup.
<recently read> }
                 
l.51 ...ä¿¡æ¦‚å¿µå›¾.\relax }{figure.caption.9}{}}
                                                  
I've deleted a group-closing symbol because it seems to be
spurious, as in `$x}$'. But perhaps the } is legitimate and
you forgot something else, as in `\hbox{$x}'. In such cases
the way to recover is to insert both the forgotten and the
deleted material, e.g., by typing `I$}'.

./ç©ºåœ°ååŒåªèƒ½æ¶ˆé˜²ç³»ç»Ÿ.aux:51: Extra \endcsname.
<recently read> \endcsname 
                           
l.51 ...ä¿¡æ¦‚å¿µå›¾.\relax }{figure.caption.9}{}}
                                                  
I'm ignoring this, since I wasn't doing a \csname.

./ç©ºåœ°ååŒåªèƒ½æ¶ˆé˜²ç³»ç»Ÿ.aux:51: Extra }, or forgotten \endgroup.
\@newl@bel ...ined}}\global \@namedef {#1@#2}{#3}}
                                                  
l.51 ...ä¿¡æ¦‚å¿µå›¾.\relax }{figure.caption.9}{}}
                                                  
I've deleted a group-closing symbol because it seems to be
spurious, as in `$x}$'. But perhaps the } is legitimate and
you forgot something else, as in `\hbox{$x}'. In such cases
the way to recover is to insert both the forgotten and the
deleted material, e.g., by typing `I$}'.

./ç©ºåœ°ååŒåªèƒ½æ¶ˆé˜²ç³»ç»Ÿ.aux:63: Missing \endcsname inserted.
<to be read again> 
                   \global 
l.63 ...°”åŸç†å›¾.\relax }{figure.caption.10}{}}
                                                  
The control sequence marked <to be read again> should
not appear between \csname and \endcsname.

./ç©ºåœ°ååŒåªèƒ½æ¶ˆé˜²ç³»ç»Ÿ.aux:63: Extra \endcsname.
<recently read> \endcsname 
                           
l.63 ...°”åŸç†å›¾.\relax }{figure.caption.10}{}}
                                                  
I'm ignoring this, since I wasn't doing a \csname.

./ç©ºåœ°ååŒåªèƒ½æ¶ˆé˜²ç³»ç»Ÿ.aux:63: Missing \endcsname inserted.
<to be read again> 
                   \global 
l.63 ...°”åŸç†å›¾.\relax }{figure.caption.10}{}}
                                                  
The control sequence marked <to be read again> should
not appear between \csname and \endcsname.

./ç©ºåœ°ååŒåªèƒ½æ¶ˆé˜²ç³»ç»Ÿ.aux:63: Extra }, or forgotten \endgroup.
<recently read> }
                 
l.63 ...°”åŸç†å›¾.\relax }{figure.caption.10}{}}
                                                  
I've deleted a group-closing symbol because it seems to be
spurious, as in `$x}$'. But perhaps the } is legitimate and
you forgot something else, as in `\hbox{$x}'. In such cases
the way to recover is to insert both the forgotten and the
deleted material, e.g., by typing `I$}'.

./ç©ºåœ°ååŒåªèƒ½æ¶ˆé˜²ç³»ç»Ÿ.aux:63: Extra \endcsname.
<recently read> \endcsname 
                           
l.63 ...°”åŸç†å›¾.\relax }{figure.caption.10}{}}
                                                  
I'm ignoring this, since I wasn't doing a \csname.

./ç©ºåœ°ååŒåªèƒ½æ¶ˆé˜²ç³»ç»Ÿ.aux:63: Missing \endcsname inserted.
<to be read again> 
                   \global 
l.63 ...°”åŸç†å›¾.\relax }{figure.caption.10}{}}
                                                  
The control sequence marked <to be read again> should
not appear between \csname and \endcsname.

./ç©ºåœ°ååŒåªèƒ½æ¶ˆé˜²ç³»ç»Ÿ.aux:63: Missing number, treated as zero.
<to be read again> 
                   }
l.63 ...°”åŸç†å›¾.\relax }{figure.caption.10}{}}
                                                  
A number should have been here; I inserted `0'.
(If you can't figure out why I needed to see a number,
look up `weird error' in the index to The TeXbook.)

./ç©ºåœ°ååŒåªèƒ½æ¶ˆé˜²ç³»ç»Ÿ.aux:63: Bad character code (47584).
<argument> \@tempcnta 
                      
l.63 ...°”åŸç†å›¾.\relax }{figure.caption.10}{}}
                                                  
A character number must be between 0 and 255.
I changed this one to zero.

./ç©ºåœ°ååŒåªèƒ½æ¶ˆé˜²ç³»ç»Ÿ.aux:63: Extra }, or forgotten \endgroup.
<recently read> }
                 
l.63 ...°”åŸç†å›¾.\relax }{figure.caption.10}{}}
                                                  
I've deleted a group-closing symbol because it seems to be
spurious, as in `$x}$'. But perhaps the } is legitimate and
you forgot something else, as in `\hbox{$x}'. In such cases
the way to recover is to insert both the forgotten and the
deleted material, e.g., by typing `I$}'.

./ç©ºåœ°ååŒåªèƒ½æ¶ˆé˜²ç³»ç»Ÿ.aux:63: Extra \endcsname.
<recently read> \endcsname 
                           
l.63 ...°”åŸç†å›¾.\relax }{figure.caption.10}{}}
                                                  
I'm ignoring this, since I wasn't doing a \csname.

./ç©ºåœ°ååŒåªèƒ½æ¶ˆé˜²ç³»ç»Ÿ.aux:63: Extra }, or forgotten \endgroup.
\@newl@bel ...ined}}\global \@namedef {#1@#2}{#3}}
                                                  
l.63 ...°”åŸç†å›¾.\relax }{figure.caption.10}{}}
                                                  
I've deleted a group-closing symbol because it seems to be
spurious, as in `$x}$'. But perhaps the } is legitimate and
you forgot something else, as in `\hbox{$x}'. In such cases
the way to recover is to insert both the forgotten and the
deleted material, e.g., by typing `I$}'.

./ç©ºåœ°ååŒåªèƒ½æ¶ˆé˜²ç³»ç»Ÿ.aux:66: Missing \endcsname inserted.
<to be read again> 
                   \global 
l.66 ...°”åŸç†å›¾.\relax }{figure.caption.11}{}}
                                                  
The control sequence marked <to be read again> should
not appear between \csname and \endcsname.

./ç©ºåœ°ååŒåªèƒ½æ¶ˆé˜²ç³»ç»Ÿ.aux:66: Extra \endcsname.
<recently read> \endcsname 
                           
l.66 ...°”åŸç†å›¾.\relax }{figure.caption.11}{}}
                                                  
I'm ignoring this, since I wasn't doing a \csname.

./ç©ºåœ°ååŒåªèƒ½æ¶ˆé˜²ç³»ç»Ÿ.aux:66: Missing \endcsname inserted.
<to be read again> 
                   \global 
l.66 ...°”åŸç†å›¾.\relax }{figure.caption.11}{}}
                                                  
The control sequence marked <to be read again> should
not appear between \csname and \endcsname.

./ç©ºåœ°ååŒåªèƒ½æ¶ˆé˜²ç³»ç»Ÿ.aux:66: Extra }, or forgotten \endgroup.
<recently read> }
                 
l.66 ...°”åŸç†å›¾.\relax }{figure.caption.11}{}}
                                                  
I've deleted a group-closing symbol because it seems to be
spurious, as in `$x}$'. But perhaps the } is legitimate and
you forgot something else, as in `\hbox{$x}'. In such cases
the way to recover is to insert both the forgotten and the
deleted material, e.g., by typing `I$}'.

./ç©ºåœ°ååŒåªèƒ½æ¶ˆé˜²ç³»ç»Ÿ.aux:66: Extra \endcsname.
<recently read> \endcsname 
                           
l.66 ...°”åŸç†å›¾.\relax }{figure.caption.11}{}}
                                                  
I'm ignoring this, since I wasn't doing a \csname.

./ç©ºåœ°ååŒåªèƒ½æ¶ˆé˜²ç³»ç»Ÿ.aux:66: Missing \endcsname inserted.
<to be read again> 
                   \global 
l.66 ...°”åŸç†å›¾.\relax }{figure.caption.11}{}}
                                                  
The control sequence marked <to be read again> should
not appear between \csname and \endcsname.

./ç©ºåœ°ååŒåªèƒ½æ¶ˆé˜²ç³»ç»Ÿ.aux:66: Missing number, treated as zero.
<to be read again> 
                   }
l.66 ...°”åŸç†å›¾.\relax }{figure.caption.11}{}}
                                                  
A number should have been here; I inserted `0'.
(If you can't figure out why I needed to see a number,
look up `weird error' in the index to The TeXbook.)

./ç©ºåœ°ååŒåªèƒ½æ¶ˆé˜²ç³»ç»Ÿ.aux:66: Bad character code (57736).
<argument> \@tempcnta 
                      
l.66 ...°”åŸç†å›¾.\relax }{figure.caption.11}{}}
                                                  
A character number must be between 0 and 255.
I changed this one to zero.

./ç©ºåœ°ååŒåªèƒ½æ¶ˆé˜²ç³»ç»Ÿ.aux:66: Extra }, or forgotten \endgroup.
<recently read> }
                 
l.66 ...°”åŸç†å›¾.\relax }{figure.caption.11}{}}
                                                  
I've deleted a group-closing symbol because it seems to be
spurious, as in `$x}$'. But perhaps the } is legitimate and
you forgot something else, as in `\hbox{$x}'. In such cases
the way to recover is to insert both the forgotten and the
deleted material, e.g., by typing `I$}'.

./ç©ºåœ°ååŒåªèƒ½æ¶ˆé˜²ç³»ç»Ÿ.aux:66: Extra \endcsname.
<recently read> \endcsname 
                           
l.66 ...°”åŸç†å›¾.\relax }{figure.caption.11}{}}
                                                  
I'm ignoring this, since I wasn't doing a \csname.

./ç©ºåœ°ååŒåªèƒ½æ¶ˆé˜²ç³»ç»Ÿ.aux:66: Extra }, or forgotten \endgroup.
\@newl@bel ...ined}}\global \@namedef {#1@#2}{#3}}
                                                  
l.66 ...°”åŸç†å›¾.\relax }{figure.caption.11}{}}
                                                  
I've deleted a group-closing symbol because it seems to be
spurious, as in `$x}$'. But perhaps the } is legitimate and
you forgot something else, as in `\hbox{$x}'. In such cases
the way to recover is to insert both the forgotten and the
deleted material, e.g., by typing `I$}'.

./ç©ºåœ°ååŒåªèƒ½æ¶ˆé˜²ç³»ç»Ÿ.aux:69: Missing \endcsname inserted.
<to be read again> 
                   \global 
l.69 ...°”åŸç†å›¾.\relax }{figure.caption.12}{}}
                                                  
The control sequence marked <to be read again> should
not appear between \csname and \endcsname.

./ç©ºåœ°ååŒåªèƒ½æ¶ˆé˜²ç³»ç»Ÿ.aux:69: Extra \endcsname.
<recently read> \endcsname 
                           
l.69 ...°”åŸç†å›¾.\relax }{figure.caption.12}{}}
                                                  
I'm ignoring this, since I wasn't doing a \csname.

./ç©ºåœ°ååŒåªèƒ½æ¶ˆé˜²ç³»ç»Ÿ.aux:69: Missing \endcsname inserted.
<to be read again> 
                   \global 
l.69 ...°”åŸç†å›¾.\relax }{figure.caption.12}{}}
                                                  
The control sequence marked <to be read again> should
not appear between \csname and \endcsname.

./ç©ºåœ°ååŒåªèƒ½æ¶ˆé˜²ç³»ç»Ÿ.aux:69: Extra }, or forgotten \endgroup.
<recently read> }
                 
l.69 ...°”åŸç†å›¾.\relax }{figure.caption.12}{}}
                                                  
I've deleted a group-closing symbol because it seems to be
spurious, as in `$x}$'. But perhaps the } is legitimate and
you forgot something else, as in `\hbox{$x}'. In such cases
the way to recover is to insert both the forgotten and the
deleted material, e.g., by typing `I$}'.

./ç©ºåœ°ååŒåªèƒ½æ¶ˆé˜²ç³»ç»Ÿ.aux:69: Extra \endcsname.
<recently read> \endcsname 
                           
l.69 ...°”åŸç†å›¾.\relax }{figure.caption.12}{}}
                                                  
I'm ignoring this, since I wasn't doing a \csname.

./ç©ºåœ°ååŒåªèƒ½æ¶ˆé˜²ç³»ç»Ÿ.aux:69: Missing \endcsname inserted.
<to be read again> 
                   \global 
l.69 ...°”åŸç†å›¾.\relax }{figure.caption.12}{}}
                                                  
The control sequence marked <to be read again> should
not appear between \csname and \endcsname.

./ç©ºåœ°ååŒåªèƒ½æ¶ˆé˜²ç³»ç»Ÿ.aux:69: Missing number, treated as zero.
<to be read again> 
                   }
l.69 ...°”åŸç†å›¾.\relax }{figure.caption.12}{}}
                                                  
A number should have been here; I inserted `0'.
(If you can't figure out why I needed to see a number,
look up `weird error' in the index to The TeXbook.)

./ç©ºåœ°ååŒåªèƒ½æ¶ˆé˜²ç³»ç»Ÿ.aux:69: Bad character code (40986).
<argument> \@tempcnta 
                      
l.69 ...°”åŸç†å›¾.\relax }{figure.caption.12}{}}
                                                  
A character number must be between 0 and 255.
I changed this one to zero.

./ç©ºåœ°ååŒåªèƒ½æ¶ˆé˜²ç³»ç»Ÿ.aux:69: Extra }, or forgotten \endgroup.
<recently read> }
                 
l.69 ...°”åŸç†å›¾.\relax }{figure.caption.12}{}}
                                                  
I've deleted a group-closing symbol because it seems to be
spurious, as in `$x}$'. But perhaps the } is legitimate and
you forgot something else, as in `\hbox{$x}'. In such cases
the way to recover is to insert both the forgotten and the
deleted material, e.g., by typing `I$}'.

./ç©ºåœ°ååŒåªèƒ½æ¶ˆé˜²ç³»ç»Ÿ.aux:69: Extra \endcsname.
<recently read> \endcsname 
                           
l.69 ...°”åŸç†å›¾.\relax }{figure.caption.12}{}}
                                                  
I'm ignoring this, since I wasn't doing a \csname.

./ç©ºåœ°ååŒåªèƒ½æ¶ˆé˜²ç³»ç»Ÿ.aux:69: Extra }, or forgotten \endgroup.
\@newl@bel ...ined}}\global \@namedef {#1@#2}{#3}}
                                                  
l.69 ...°”åŸç†å›¾.\relax }{figure.caption.12}{}}
                                                  
I've deleted a group-closing symbol because it seems to be
spurious, as in `$x}$'. But perhaps the } is legitimate and
you forgot something else, as in `\hbox{$x}'. In such cases
the way to recover is to insert both the forgotten and the
deleted material, e.g., by typing `I$}'.

./ç©ºåœ°ååŒåªèƒ½æ¶ˆé˜²ç³»ç»Ÿ.aux:72: Missing \endcsname inserted.
<to be read again> 
                   \global 
l.72 ...°”åŸç†å›¾.\relax }{figure.caption.13}{}}
                                                  
The control sequence marked <to be read again> should
not appear between \csname and \endcsname.

./ç©ºåœ°ååŒåªèƒ½æ¶ˆé˜²ç³»ç»Ÿ.aux:72: Extra \endcsname.
<recently read> \endcsname 
                           
l.72 ...°”åŸç†å›¾.\relax }{figure.caption.13}{}}
                                                  
I'm ignoring this, since I wasn't doing a \csname.

./ç©ºåœ°ååŒåªèƒ½æ¶ˆé˜²ç³»ç»Ÿ.aux:72: Missing \endcsname inserted.
<to be read again> 
                   \global 
l.72 ...°”åŸç†å›¾.\relax }{figure.caption.13}{}}
                                                  
The control sequence marked <to be read again> should
not appear between \csname and \endcsname.

./ç©ºåœ°ååŒåªèƒ½æ¶ˆé˜²ç³»ç»Ÿ.aux:72: Extra }, or forgotten \endgroup.
<recently read> }
                 
l.72 ...°”åŸç†å›¾.\relax }{figure.caption.13}{}}
                                                  
I've deleted a group-closing symbol because it seems to be
spurious, as in `$x}$'. But perhaps the } is legitimate and
you forgot something else, as in `\hbox{$x}'. In such cases
the way to recover is to insert both the forgotten and the
deleted material, e.g., by typing `I$}'.

./ç©ºåœ°ååŒåªèƒ½æ¶ˆé˜²ç³»ç»Ÿ.aux:72: Extra \endcsname.
<recently read> \endcsname 
                           
l.72 ...°”åŸç†å›¾.\relax }{figure.caption.13}{}}
                                                  
I'm ignoring this, since I wasn't doing a \csname.

./ç©ºåœ°ååŒåªèƒ½æ¶ˆé˜²ç³»ç»Ÿ.aux:72: Missing \endcsname inserted.
<to be read again> 
                   \global 
l.72 ...°”åŸç†å›¾.\relax }{figure.caption.13}{}}
                                                  
The control sequence marked <to be read again> should
not appear between \csname and \endcsname.

./ç©ºåœ°ååŒåªèƒ½æ¶ˆé˜²ç³»ç»Ÿ.aux:72: Missing number, treated as zero.
<to be read again> 
                   }
l.72 ...°”åŸç†å›¾.\relax }{figure.caption.13}{}}
                                                  
A number should have been here; I inserted `0'.
(If you can't figure out why I needed to see a number,
look up `weird error' in the index to The TeXbook.)

./ç©ºåœ°ååŒåªèƒ½æ¶ˆé˜²ç³»ç»Ÿ.aux:72: Bad character code (53793).
<argument> \@tempcnta 
                      
l.72 ...°”åŸç†å›¾.\relax }{figure.caption.13}{}}
                                                  
A character number must be between 0 and 255.
I changed this one to zero.

./ç©ºåœ°ååŒåªèƒ½æ¶ˆé˜²ç³»ç»Ÿ.aux:72: Extra }, or forgotten \endgroup.
<recently read> }
                 
l.72 ...°”åŸç†å›¾.\relax }{figure.caption.13}{}}
                                                  
I've deleted a group-closing symbol because it seems to be
spurious, as in `$x}$'. But perhaps the } is legitimate and
you forgot something else, as in `\hbox{$x}'. In such cases
the way to recover is to insert both the forgotten and the
deleted material, e.g., by typing `I$}'.

./ç©ºåœ°ååŒåªèƒ½æ¶ˆé˜²ç³»ç»Ÿ.aux:72: Extra \endcsname.
<recently read> \endcsname 
                           
l.72 ...°”åŸç†å›¾.\relax }{figure.caption.13}{}}
                                                  
I'm ignoring this, since I wasn't doing a \csname.

./ç©ºåœ°ååŒåªèƒ½æ¶ˆé˜²ç³»ç»Ÿ.aux:72: Extra }, or forgotten \endgroup.
\@newl@bel ...ined}}\global \@namedef {#1@#2}{#3}}
                                                  
l.72 ...°”åŸç†å›¾.\relax }{figure.caption.13}{}}
                                                  
I've deleted a group-closing symbol because it seems to be
spurious, as in `$x}$'. But perhaps the } is legitimate and
you forgot something else, as in `\hbox{$x}'. In such cases
the way to recover is to insert both the forgotten and the
deleted material, e.g., by typing `I$}'.

./ç©ºåœ°ååŒåªèƒ½æ¶ˆé˜²ç³»ç»Ÿ.aux:77: Missing \endcsname inserted.
<to be read again> 
                   \global 
l.77 ...»£ç ç¤ºä¾‹.\relax }{figure.caption.14}{}}
                                                  
The control sequence marked <to be read again> should
not appear between \csname and \endcsname.

./ç©ºåœ°ååŒåªèƒ½æ¶ˆé˜²ç³»ç»Ÿ.aux:77: Extra \endcsname.
<recently read> \endcsname 
                           
l.77 ...»£ç ç¤ºä¾‹.\relax }{figure.caption.14}{}}
                                                  
I'm ignoring this, since I wasn't doing a \csname.

./ç©ºåœ°ååŒåªèƒ½æ¶ˆé˜²ç³»ç»Ÿ.aux:77: Missing \endcsname inserted.
<to be read again> 
                   \global 
l.77 ...»£ç ç¤ºä¾‹.\relax }{figure.caption.14}{}}
                                                  
The control sequence marked <to be read again> should
not appear between \csname and \endcsname.

./ç©ºåœ°ååŒåªèƒ½æ¶ˆé˜²ç³»ç»Ÿ.aux:77: Extra }, or forgotten \endgroup.
<recently read> }
                 
l.77 ...»£ç ç¤ºä¾‹.\relax }{figure.caption.14}{}}
                                                  
I've deleted a group-closing symbol because it seems to be
spurious, as in `$x}$'. But perhaps the } is legitimate and
you forgot something else, as in `\hbox{$x}'. In such cases
the way to recover is to insert both the forgotten and the
deleted material, e.g., by typing `I$}'.

./ç©ºåœ°ååŒåªèƒ½æ¶ˆé˜²ç³»ç»Ÿ.aux:77: Extra \endcsname.
<recently read> \endcsname 
                           
l.77 ...»£ç ç¤ºä¾‹.\relax }{figure.caption.14}{}}
                                                  
I'm ignoring this, since I wasn't doing a \csname.

./ç©ºåœ°ååŒåªèƒ½æ¶ˆé˜²ç³»ç»Ÿ.aux:77: Missing \endcsname inserted.
<to be read again> 
                   \global 
l.77 ...»£ç ç¤ºä¾‹.\relax }{figure.caption.14}{}}
                                                  
The control sequence marked <to be read again> should
not appear between \csname and \endcsname.

./ç©ºåœ°ååŒåªèƒ½æ¶ˆé˜²ç³»ç»Ÿ.aux:77: Missing number, treated as zero.
<to be read again> 
                   }
l.77 ...»£ç ç¤ºä¾‹.\relax }{figure.caption.14}{}}
                                                  
A number should have been here; I inserted `0'.
(If you can't figure out why I needed to see a number,
look up `weird error' in the index to The TeXbook.)

./ç©ºåœ°ååŒåªèƒ½æ¶ˆé˜²ç³»ç»Ÿ.aux:77: Bad character code (57736).
<argument> \@tempcnta 
                      
l.77 ...»£ç ç¤ºä¾‹.\relax }{figure.caption.14}{}}
                                                  
A character number must be between 0 and 255.
I changed this one to zero.

./ç©ºåœ°ååŒåªèƒ½æ¶ˆé˜²ç³»ç»Ÿ.aux:77: Extra }, or forgotten \endgroup.
<recently read> }
                 
l.77 ...»£ç ç¤ºä¾‹.\relax }{figure.caption.14}{}}
                                                  
I've deleted a group-closing symbol because it seems to be
spurious, as in `$x}$'. But perhaps the } is legitimate and
you forgot something else, as in `\hbox{$x}'. In such cases
the way to recover is to insert both the forgotten and the
deleted material, e.g., by typing `I$}'.

./ç©ºåœ°ååŒåªèƒ½æ¶ˆé˜²ç³»ç»Ÿ.aux:77: Extra \endcsname.
<recently read> \endcsname 
                           
l.77 ...»£ç ç¤ºä¾‹.\relax }{figure.caption.14}{}}
                                                  
I'm ignoring this, since I wasn't doing a \csname.

./ç©ºåœ°ååŒåªèƒ½æ¶ˆé˜²ç³»ç»Ÿ.aux:77: Extra }, or forgotten \endgroup.
\@newl@bel ...ined}}\global \@namedef {#1@#2}{#3}}
                                                  
l.77 ...»£ç ç¤ºä¾‹.\relax }{figure.caption.14}{}}
                                                  
I've deleted a group-closing symbol because it seems to be
spurious, as in `$x}$'. But perhaps the } is legitimate and
you forgot something else, as in `\hbox{$x}'. In such cases
the way to recover is to insert both the forgotten and the
deleted material, e.g., by typing `I$}'.

./ç©ºåœ°ååŒåªèƒ½æ¶ˆé˜²ç³»ç»Ÿ.aux:79: Missing \endcsname inserted.
<to be read again> 
                   \global 
l.79 ...»£ç ç¤ºä¾‹.\relax }{figure.caption.15}{}}
                                                  
The control sequence marked <to be read again> should
not appear between \csname and \endcsname.

./ç©ºåœ°ååŒåªèƒ½æ¶ˆé˜²ç³»ç»Ÿ.aux:79: Extra \endcsname.
<recently read> \endcsname 
                           
l.79 ...»£ç ç¤ºä¾‹.\relax }{figure.caption.15}{}}
                                                  
I'm ignoring this, since I wasn't doing a \csname.

./ç©ºåœ°ååŒåªèƒ½æ¶ˆé˜²ç³»ç»Ÿ.aux:79: Missing \endcsname inserted.
<to be read again> 
                   \global 
l.79 ...»£ç ç¤ºä¾‹.\relax }{figure.caption.15}{}}
                                                  
The control sequence marked <to be read again> should
not appear between \csname and \endcsname.

./ç©ºåœ°ååŒåªèƒ½æ¶ˆé˜²ç³»ç»Ÿ.aux:79: Extra }, or forgotten \endgroup.
<recently read> }
                 
l.79 ...»£ç ç¤ºä¾‹.\relax }{figure.caption.15}{}}
                                                  
(That makes 100 errors; please try again.) 
Here is how much of TeX's memory you used:
 15863 strings out of 476025
 264473 string characters out of 5794016
 1854382 words of memory out of 5000000
 35997 multiletter control sequences out of 15000+600000
 523415 words of font info for 70 fonts, out of 8000000 for 9000
 1141 hyphenation exceptions out of 8191
 78i,0n,80p,770b,350s stack positions out of 10000i,1000n,20000p,200000b,200000s

./ç©ºåœ°ååŒåªèƒ½æ¶ˆé˜²ç³»ç»Ÿ.aux:79:  ==> Fatal error occurred, no output PDF file produced!
