\BOOKMARK [1][-]{section.1}{\376\377\144\130\211\201}{}% 1
\BOOKMARK [2][-]{subsection.1.1}{\376\377\121\163\225\056\213\315}{section.1}% 2
\BOOKMARK [1][-]{section.2}{\376\377\137\025\212\000}{}% 3
\BOOKMARK [1][-]{section.3}{\376\377\213\276\213\241\116\016\213\241\173\227}{}% 4
\BOOKMARK [2][-]{subsection.3.1}{\376\377\135\341\202\052\211\304\122\022}{section.3}% 5
\BOOKMARK [3][-]{subsubsection.3.1.1}{\376\377\145\340\116\272\147\072\135\341\202\052\215\357\137\204\211\304\122\022}{subsection.3.1}% 6
\BOOKMARK [3][-]{subsubsection.3.1.2}{\376\377\137\256\177\051\155\210\226\062\217\146\133\374\202\052\215\357\137\204\211\304\122\022}{subsection.3.1}% 7
\BOOKMARK [2][-]{subsection.3.2}{\376\377\150\300\155\113\145\271\154\325}{section.3}% 8
\BOOKMARK [3][-]{subsubsection.3.2.1}{\376\377\000y\000o\000l\000o\0005\000\040\173\227\154\325\213\255\176\303\213\306\122\053\152\041\127\213}{subsection.3.2}% 9
\BOOKMARK [3][-]{subsubsection.3.2.2}{\376\377\215\335\171\273\213\306\122\053}{subsection.3.2}% 10
\BOOKMARK [2][-]{subsection.3.3}{\376\377\143\247\122\066\145\271\154\325}{section.3}% 11
\BOOKMARK [3][-]{subsubsection.3.3.1}{\376\377\133\371\145\340\116\272\147\072}{subsection.3.3}% 12
\BOOKMARK [3][-]{subsubsection.3.3.2}{\376\377\133\371\137\256\177\051\155\210\226\062\217\146}{subsection.3.3}% 13
\BOOKMARK [2][-]{subsection.3.4}{\376\377\220\032\117\341\145\271\137\017\143\317\217\360\123\312\123\302\145\160\213\241\173\227}{section.3}% 14
\BOOKMARK [3][-]{subsubsection.3.4.1}{\376\377\145\340\116\272\147\072\116\016\220\032\117\341\116\055\137\303\116\113\225\364}{subsection.3.4}% 15
\BOOKMARK [3][-]{subsubsection.3.4.2}{\376\377\155\210\226\062\217\146\116\016\220\032\117\341\116\055\137\303\116\113\225\364}{subsection.3.4}% 16
\BOOKMARK [1][-]{section.4}{\376\377\174\373\176\337\145\271\150\110}{}% 17
\BOOKMARK [2][-]{subsection.4.1}{\376\377\142\200\147\057\215\357\176\277}{section.4}% 18
\BOOKMARK [2][-]{subsection.4.2}{\376\377\174\373\176\337\176\323\147\204}{section.4}% 19
\BOOKMARK [2][-]{subsection.4.3}{\376\377\145\271\150\110\143\317\217\360}{section.4}% 20
\BOOKMARK [3][-]{subsubsection.4.3.1}{\376\377\122\006\136\003\123\273\116\055\137\303\137\017\145\271\150\110}{subsection.4.3}% 21
\BOOKMARK [3][-]{subsubsection.4.3.2}{\376\377\226\306\116\055\147\011\116\055\137\303\137\017\145\271\150\110}{subsection.4.3}% 22
\BOOKMARK [2][-]{subsection.4.4}{\376\377\153\324\217\203\116\016\220\011\142\351}{section.4}% 23
\BOOKMARK [2][-]{subsection.4.5}{\376\377\145\271\150\110\213\272\213\301}{section.4}% 24
\BOOKMARK [1][-]{section.5}{\376\377\165\065\215\357\116\016\172\013\136\217\213\276\213\241}{}% 25
\BOOKMARK [2][-]{subsection.5.1}{\376\377\174\373\176\337\147\204\142\020}{section.5}% 26
\BOOKMARK [3][-]{subsubsection.5.1.1}{\376\377\145\340\116\272\147\072\123\125\121\103}{subsection.5.1}% 27
\BOOKMARK [3][-]{subsubsection.5.1.2}{\376\377\155\210\226\062\217\146\123\125\121\103}{subsection.5.1}% 28
\BOOKMARK [3][-]{subsubsection.5.1.3}{\376\377\220\032\117\341\116\016\213\241\173\227\116\055\137\303\202\202\160\271}{subsection.5.1}% 29
\BOOKMARK [3][-]{subsubsection.5.1.4}{\376\377\152\041\142\337\160\153\156\220}{subsection.5.1}% 30
\BOOKMARK [2][-]{subsection.5.2}{\376\377\165\065\154\024\123\237\164\006\126\376\123\312\150\070\137\303\152\041\127\127\165\065\215\357\126\376}{section.5}% 31
\BOOKMARK [3][-]{subsubsection.5.2.1}{\376\377\145\340\116\272\147\072}{subsection.5.2}% 32
\BOOKMARK [3][-]{subsubsection.5.2.2}{\376\377\137\256\177\051\155\210\226\062\217\146}{subsection.5.2}% 33
\BOOKMARK [3][-]{subsubsection.5.2.3}{\376\377\220\032\117\341\213\241\173\227\116\055\137\303}{subsection.5.2}% 34
\BOOKMARK [3][-]{subsubsection.5.2.4}{\376\377\152\041\142\337\160\153\156\220\165\065\215\357}{subsection.5.2}% 35
\BOOKMARK [2][-]{subsection.5.3}{\376\377\174\373\176\337\135\345\117\134\155\101\172\013\123\312\121\163\225\056\152\041\127\127\217\157\116\366\213\276\213\241}{section.5}% 36
\BOOKMARK [3][-]{subsubsection.5.3.1}{\376\377\145\340\116\272\147\072\220\350\122\006}{subsection.5.3}% 37
\BOOKMARK [3][-]{subsubsection.5.3.2}{\376\377\155\210\226\062\217\146\220\350\122\006}{subsection.5.3}% 38
\BOOKMARK [3][-]{subsubsection.5.3.3}{\376\377\220\032\117\341\116\055\137\303\220\350\122\006}{subsection.5.3}% 39
\BOOKMARK [1][-]{section.6}{\376\377\155\113\213\325\145\271\150\110\116\016\155\113\213\325\176\323\147\234}{}% 40
\BOOKMARK [2][-]{subsection.6.1}{\376\377\155\113\213\325\145\271\150\110\123\312\155\113\213\325\147\141\116\366}{section.6}% 41
\BOOKMARK [3][-]{subsubsection.6.1.1}{\376\377\155\113\213\325\150\007\121\306}{subsection.6.1}% 42
\BOOKMARK [3][-]{subsubsection.6.1.2}{\376\377\155\113\213\325\145\271\150\110}{subsection.6.1}% 43
\BOOKMARK [3][-]{subsubsection.6.1.3}{\376\377\155\113\213\325\147\141\116\366}{subsection.6.1}% 44
\BOOKMARK [2][-]{subsection.6.2}{\376\377\155\113\213\325\176\323\147\234}{section.6}% 45
\BOOKMARK [2][-]{subsection.6.3}{\376\377\174\373\176\337\135\345\117\134\142\020\145\110\122\006\147\220}{section.6}% 46
\BOOKMARK [1][-]{section.7}{\376\377\123\302\200\003\215\104\145\231}{}% 47
